<!DOCTYPE html>
<html>
<head>
    <title>Titlu raport</title>
    <meta charset="utf-8">
    <meta name="viewport" content="width=device-width, initial-scale=1.0">
    <link rel="stylesheet" href="https://maxcdn.bootstrapcdn.com/bootstrap/3.3.6/css/bootstrap.min.css" integrity="sha384-1q8mTJOASx8j1Au+a5WDVnPi2lkFfwwEAa8hDDdjZlpLegxhjVME1fgjWPGmkzs7" crossorigin="anonymous">
</head>
<body>
    <div class="container">
        <div class="row">
            <div class="col-xs-12">
                <h2 class="text-capitalize">Titlu raport</h2>
                <p class='attribute'><strong>Start Time: </strong>2024-10-10 17:37:26</p>
                <p class='attribute'><strong>Duration: </strong>47.73 s</p>
                <p class='attribute'><strong>Summary: </strong>Total: 4, Pass: 3, Fail: 1</p>
            </div>
        </div>
        <div class="row">
            <div class="col-xs-12 col-sm-10 col-md-10">
                <table class='table table-hover table-responsive'>
                    <thead>
                        <tr>
                            <th>saptamana_3.alerts.TestAlerts</th>
                            <th>Status</th>
                            <th></th>
                        </tr>
                    </thead>
                    <tbody>
                        <tr class='success'>
                            <td class="col-xs-10">test_accept_simple_alert</td>
                            <td class="col-xs-1">
                                <span class="label label-success" style="display:block;width:40px;">Pass</span>
                            </td>
                            <td class="col-xs-1">
                            </td>
                        </tr>
                        <tr class='success'>
                            <td class="col-xs-10">test_dismiss_alert</td>
                            <td class="col-xs-1">
                                <span class="label label-success" style="display:block;width:40px;">Pass</span>
                            </td>
                            <td class="col-xs-1">
                            </td>
                        </tr>
                        <tr class='success'>
                            <td class="col-xs-10">test_prompt_alert</td>
                            <td class="col-xs-1">
                                <span class="label label-success" style="display:block;width:40px;">Pass</span>
                            </td>
                            <td class="col-xs-1">
                            </td>
                        </tr>
                        <tr>
                            <td colspan="3">
                                Total: 3, Pass: 3 -- Duration: 35.08 s
                            </td>
                        </tr>
                    </tbody>
                </table>
            </div>
        </div>
        <div class="row">
            <div class="col-xs-12 col-sm-10 col-md-10">
                <table class='table table-hover table-responsive'>
                    <thead>
                        <tr>
                            <th>saptamana_3.keys.TestKeys</th>
                            <th>Status</th>
                            <th></th>
                        </tr>
                    </thead>
                    <tbody>
                        <tr class='danger'>
                            <td class="col-xs-10">test_keys</td>
                            <td class="col-xs-1">
                                <span class="label label-danger" style="display:block;width:40px;">Fail</span>
                            </td>
                            <td class="col-xs-1">
                                <button class="btn btn-default btn-xs">View</button>
                            </td>
                        </tr>
                        <tr style="display:none;">
                            <td class="col-xs-9" colspan="3"><p style="color:maroon;">AssertionError: Error in test case</p><p style="color:maroon;">Traceback (most recent call last):
  File "D:\Work\IT Factory\pyta20\intro-selenium\saptamana_3\keys.py", line 29, in test_keys
    assert False, "Error in test case"
AssertionError: Error in test case
</p>
                            </td>
                        </tr>
                        <tr>
                            <td colspan="3">
                                Total: 1, Pass: 0, Fail: 1 -- Duration: 12.65 s
                            </td>
                        </tr>
                    </tbody>
                </table>
            </div>
        </div>
    </div>
    <script src="https://ajax.googleapis.com/ajax/libs/jquery/2.2.4/jquery.min.js"></script>
    <script type="text/javascript">
        $(document).ready(function(){
            $('td').on('click', '.btn', function(e){
                e.preventDefault();
                e.stopImmediatePropagation();
                var $this = $(this);
                var $nextRow = $this.closest('tr').next('tr');
                $nextRow.slideToggle("fast");
                $this.text(function(i, text){
                    if (text === 'View') {
                        return 'Hide';
                    } else {
                        return 'View';
                    };
                });
            });
        });
    </script>
</body>
</html